{
  "5464db1b-4bc9-47d2-aaa1-4adaf4112d2b": {
    "id": "5464db1b-4bc9-47d2-aaa1-4adaf4112d2b",
    "project_path": "D:\\game_development\\test_sprite_agent\\temp_runs\\5464db1b-4bc9-47d2-aaa1-4adaf4112d2b",
    "target_url": "https://practicetestautomation.com/practice-test-login/",
    "test_name": "Login Test",
    "api_name": null,
    "auth_type": "none",
    "extra_info": null,
    "test_credentials": {
      "username": "student",
      "password": "Password123"
    },
    "status": "running",
    "steps": [
      "bootstrap",
      "analyze",
      "prd"
    ],
    "results": null,
    "report_path": null,
    "error": null,
    "created_at": "2026-02-01T21:17:48.028822"
  },
  "b660c61e-7d18-45eb-85f7-9250346d4ef2": {
    "id": "b660c61e-7d18-45eb-85f7-9250346d4ef2",
    "project_path": "D:\\game_development\\test_sprite_agent\\temp_runs\\b660c61e-7d18-45eb-85f7-9250346d4ef2",
    "target_url": "https://practicetestautomation.com/practice-test-login/",
    "test_name": "Login Test",
    "api_name": null,
    "auth_type": "none",
    "extra_info": null,
    "test_credentials": {
      "username": "student",
      "password": "Password123"
    },
    "status": "completed",
    "steps": [
      "bootstrap",
      "analyze",
      "prd",
      "backend_plan",
      "frontend_plan",
      "security_plan",
      "join_plans",
      "execute",
      "fix_tests",
      "execute",
      "fix_tests",
      "execute",
      "fix_tests",
      "execute",
      "report"
    ],
    "results": {
      "exit_code": 1,
      "stdout": "eck ---\n==================================================\nTest: SEC_009 - Clickjacking Headers Check\nTarget: https://practicetestautomation.com/practice-test-login/\n==================================================\n[INFO] Navigating to target...\n[INFO] Page Title: Test Login | Practice Test Automation\n[INFO] Executing test logic...\n[FAILED] SEC_009: No clickjacking protection headers\n\n\n--- SEC_010: HTTPS Enforcement ---\n==================================================\nTest: SEC_010 - HTTPS Enforcement\nTarget: https://practicetestautomation.com/practice-test-login/\n==================================================\n[INFO] Navigating to target...\n[INFO] Page Title: Test Login | Practice Test Automation\n[INFO] Executing test logic...\n[PASSED] SEC_010: Page functional\n\n\n--- SEC_011: Sensitive Data Exposure ---\n==================================================\nTest: SEC_011 - Sensitive Data Exposure\nTarget: https://practicetestautomation.com/practice-test-login/\n==================================================\n[INFO] Navigating to target...\n[INFO] Page Title: Test Login | Practice Test Automation\n[INFO] Executing test logic...\n[PASSED] SEC_011: Page functional\n\n\n--- SEC_012: Brute Force Protection ---\n==================================================\nTest: SEC_012 - Brute Force Protection\nTarget: https://practicetestautomation.com/practice-test-login/\n==================================================\n[INFO] Navigating to target...\n[INFO] Page Title: Test Login | Practice Test Automation\n[INFO] Executing test logic...\n[ERROR] Locator.click: Timeout 30000ms exceeded.\nCall log:\n  - waiting for locator(\"button[type=\\\"submit\\\"], input[type=\\\"submit\\\"]\").first\n\n[FAILED] SEC_012: Locator.click: Timeout 30000ms exceeded.\nCall log:\n  - waiting for locator(\"button[type=\\\"submit\\\"], input[type=\\\"submit\\\"]\").first\n\n\n\n--- SEC_013: Session Fixation ---\n==================================================\nTest: SEC_013 - Session Fixation\nTarget: https://practicetestautomation.com/practice-test-login/\n==================================================\n[INFO] Navigating to target...\n[INFO] Page Title: Test Login | Practice Test Automation\n[INFO] Executing test logic...\n[PASSED] SEC_013: Page functional\n\n\n--- SEC_014: Password Reset Security ---\n==================================================\nTest: SEC_014 - Password Reset Security\nTarget: https://practicetestautomation.com/practice-test-login/\n==================================================\n[INFO] Navigating to target...\n[INFO] Page Title: Test Login | Practice Test Automation\n[INFO] Executing test logic...\n[PASSED] SEC_014: Page functional\n\n\n--- mock_1: Mock Load ---\n==================================================\nTest: mock_1 - Mock Load\nTarget: https://practicetestautomation.com/practice-test-login/\n==================================================\n[INFO] Navigating to target...\n[INFO] Page Title: Test Login | Practice Test Automation\n[INFO] Executing test logic...\n[PASSED] mock_1: Page functional\n",
      "stderr": "",
      "tests_executed": 31,
      "passed": 26,
      "failed": 5,
      "results": {
        "TC_BE_001": "passed",
        "TC_BE_002": "passed",
        "TC_BE_003": "passed",
        "TC_BE_004": "failed",
        "TC_BE_005": "passed",
        "TC_BE_006": "passed",
        "TC_BE_007": "passed",
        "TC_BE_008": "passed",
        "TC_BE_009": "passed",
        "TC_BE_010": "passed",
        "TC_BE_011": "passed",
        "TC_BE_012": "passed",
        "TC_BE_013": "failed",
        "TC_BE_014": "passed",
        "TC_BE_015": "failed",
        "TC_BE_016": "passed",
        "SEC_001": "passed",
        "SEC_002": "passed",
        "SEC_003": "passed",
        "SEC_004": "passed",
        "SEC_005": "passed",
        "SEC_006": "passed",
        "SEC_007": "passed",
        "SEC_008": "passed",
        "SEC_009": "failed",
        "SEC_010": "passed",
        "SEC_011": "passed",
        "SEC_012": "failed",
        "SEC_013": "passed",
        "SEC_014": "passed",
        "mock_1": "passed"
      }
    },
    "report_path": "D:\\game_development\\test_sprite_agent\\temp_runs\\b660c61e-7d18-45eb-85f7-9250346d4ef2\\testsprite_tests\\reports\\report.html",
    "error": null,
    "created_at": "2026-02-01T21:31:04.817900"
  },
  "88602423-25ba-46da-8735-0d825eb217a6": {
    "id": "88602423-25ba-46da-8735-0d825eb217a6",
    "project_path": "D:\\game_development\\test_sprite_agent\\temp_runs\\88602423-25ba-46da-8735-0d825eb217a6",
    "target_url": "https://practicetestautomation.com/practice-test-login/",
    "test_name": "Login Test",
    "api_name": null,
    "auth_type": "none",
    "extra_info": null,
    "test_credentials": {
      "username": " student",
      "password": "Password123"
    },
    "status": "completed",
    "steps": [
      "bootstrap",
      "analyze",
      "prd",
      "backend_plan",
      "frontend_plan",
      "security_plan",
      "join_plans",
      "execute",
      "fix_tests",
      "execute",
      "fix_tests",
      "execute",
      "fix_tests",
      "execute",
      "report"
    ],
    "results": {
      "exit_code": 1,
      "stdout": "eck ---\n==================================================\nTest: SEC_009 - Clickjacking Headers Check\nTarget: https://practicetestautomation.com/practice-test-login/\n==================================================\n[INFO] Navigating to target...\n[INFO] Page Title: Test Login | Practice Test Automation\n[INFO] Executing test logic...\n[FAILED] SEC_009: No clickjacking protection headers\n\n\n--- SEC_010: HTTPS Enforcement ---\n==================================================\nTest: SEC_010 - HTTPS Enforcement\nTarget: https://practicetestautomation.com/practice-test-login/\n==================================================\n[INFO] Navigating to target...\n[INFO] Page Title: Test Login | Practice Test Automation\n[INFO] Executing test logic...\n[PASSED] SEC_010: Page functional\n\n\n--- SEC_011: Sensitive Data Exposure ---\n==================================================\nTest: SEC_011 - Sensitive Data Exposure\nTarget: https://practicetestautomation.com/practice-test-login/\n==================================================\n[INFO] Navigating to target...\n[INFO] Page Title: Test Login | Practice Test Automation\n[INFO] Executing test logic...\n[PASSED] SEC_011: Page functional\n\n\n--- SEC_012: Brute Force Protection ---\n==================================================\nTest: SEC_012 - Brute Force Protection\nTarget: https://practicetestautomation.com/practice-test-login/\n==================================================\n[INFO] Navigating to target...\n[INFO] Page Title: Test Login | Practice Test Automation\n[INFO] Executing test logic...\n[ERROR] Locator.click: Timeout 30000ms exceeded.\nCall log:\n  - waiting for locator(\"button[type=\\\"submit\\\"], input[type=\\\"submit\\\"]\").first\n\n[FAILED] SEC_012: Locator.click: Timeout 30000ms exceeded.\nCall log:\n  - waiting for locator(\"button[type=\\\"submit\\\"], input[type=\\\"submit\\\"]\").first\n\n\n\n--- SEC_013: Session Fixation ---\n==================================================\nTest: SEC_013 - Session Fixation\nTarget: https://practicetestautomation.com/practice-test-login/\n==================================================\n[INFO] Navigating to target...\n[INFO] Page Title: Test Login | Practice Test Automation\n[INFO] Executing test logic...\n[PASSED] SEC_013: Page functional\n\n\n--- SEC_014: Password Reset Security ---\n==================================================\nTest: SEC_014 - Password Reset Security\nTarget: https://practicetestautomation.com/practice-test-login/\n==================================================\n[INFO] Navigating to target...\n[INFO] Page Title: Test Login | Practice Test Automation\n[INFO] Executing test logic...\n[PASSED] SEC_014: Page functional\n\n\n--- mock_1: Mock Load ---\n==================================================\nTest: mock_1 - Mock Load\nTarget: https://practicetestautomation.com/practice-test-login/\n==================================================\n[INFO] Navigating to target...\n[INFO] Page Title: Test Login | Practice Test Automation\n[INFO] Executing test logic...\n[PASSED] mock_1: Page functional\n",
      "stderr": "",
      "tests_executed": 31,
      "passed": 24,
      "failed": 7,
      "results": {
        "TC_BE_001": "failed",
        "TC_BE_002": "failed",
        "TC_BE_003": "passed",
        "TC_BE_004": "failed",
        "TC_BE_005": "passed",
        "TC_BE_006": "passed",
        "TC_BE_007": "passed",
        "TC_BE_008": "passed",
        "TC_BE_009": "passed",
        "TC_BE_010": "passed",
        "TC_BE_011": "passed",
        "TC_BE_012": "passed",
        "TC_BE_013": "failed",
        "TC_BE_014": "passed",
        "TC_BE_015": "failed",
        "TC_BE_016": "passed",
        "SEC_001": "passed",
        "SEC_002": "passed",
        "SEC_003": "passed",
        "SEC_004": "passed",
        "SEC_005": "passed",
        "SEC_006": "passed",
        "SEC_007": "passed",
        "SEC_008": "passed",
        "SEC_009": "failed",
        "SEC_010": "passed",
        "SEC_011": "passed",
        "SEC_012": "failed",
        "SEC_013": "passed",
        "SEC_014": "passed",
        "mock_1": "passed"
      }
    },
    "report_path": "D:\\game_development\\test_sprite_agent\\temp_runs\\88602423-25ba-46da-8735-0d825eb217a6\\testsprite_tests\\reports\\report.html",
    "error": null,
    "created_at": "2026-02-01T21:58:59.580416"
  }
}